2025-11-23 15:10:00,788 - CryptoAssistant - INFO - 正在啟動幣圈交易輔助系統...
2025-11-23 15:13:50,675 - CryptoAssistant - INFO - 設定檔載入成功
2025-11-23 15:13:50,714 - CryptoAssistant - INFO - ✓ database 模組初始化完成
2025-11-23 15:13:50,721 - CryptoAssistant - INFO - ✓ okx_api 模組初始化完成
2025-11-23 15:13:50,722 - CryptoAssistant - INFO - ✓ discord_bot 模組初始化完成
2025-11-23 15:13:52,563 - CryptoAssistant - INFO - ✓ technical_indicators 模組初始化完成
2025-11-23 15:13:52,564 - CryptoAssistant - INFO - ✓ smc_strategy 模組初始化完成
2025-11-23 15:13:52,567 - CryptoAssistant - INFO - ✓ trading_system 模組初始化完成
2025-11-23 15:13:54,162 - CryptoAssistant - INFO - 使用者界面初始化完成
2025-11-23 15:13:54,164 - CryptoAssistant - INFO - 背景服務啟動完成
2025-11-23 15:13:54,164 - CryptoAssistant - INFO - 系統啟動完成
2025-11-23 15:13:54,164 - CryptoAssistant - INFO - 啟動主程式循環
2025-11-23 15:13:54,230 - CryptoAssistant - INFO - 開始安全關閉系統...
2025-11-23 15:13:54,233 - CryptoAssistant - INFO - 系統安全關閉完成
2025-11-23 16:22:11,122 - CryptoAssistant - INFO - 正在啟動幣圈交易輔助系統...
2025-11-23 16:23:15,010 - CryptoAssistant - INFO - 設定檔載入成功
2025-11-23 16:23:15,024 - CryptoAssistant - INFO - ✓ database 模組初始化完成
2025-11-23 16:23:15,031 - CryptoAssistant - INFO - ✓ okx_api 模組初始化完成
2025-11-23 16:23:15,032 - CryptoAssistant - INFO - ✓ discord_bot 模組初始化完成
2025-11-23 16:23:16,778 - CryptoAssistant - INFO - ✓ technical_indicators 模組初始化完成
2025-11-23 16:23:16,779 - CryptoAssistant - INFO - ✓ smc_strategy 模組初始化完成
2025-11-23 16:23:16,781 - CryptoAssistant - INFO - ✓ trading_system 模組初始化完成
2025-11-23 16:23:18,121 - CryptoAssistant - INFO - 使用者界面初始化完成
2025-11-23 16:23:18,123 - CryptoAssistant - INFO - 背景服務啟動完成
2025-11-23 16:23:18,123 - CryptoAssistant - INFO - 系統啟動完成
2025-11-23 16:23:18,123 - CryptoAssistant - INFO - 啟動主程式循環
2025-11-23 16:23:43,312 - CryptoAssistant - INFO - 開始安全關閉系統...
2025-11-23 16:23:43,313 - CryptoAssistant - INFO - 系統安全關閉完成
